2024-09-30 08:51:02,005 - tensorflow - WARNING - From c:\Users\1288843.TRANSIT.000\AppData\Local\anaconda3\Lib\site-packages\keras\src\legacy\backend.py:666: The name tf.nn.ctc_loss is deprecated. Please use tf.compat.v1.nn.ctc_loss instead.

2024-09-30 08:56:18,827 - root - INFO - Epoch 0; loss: 744.5546264648438; val_loss: 862.8233032226562
2024-09-30 08:58:24,481 - root - INFO - Epoch 1; loss: 598.1034545898438; val_loss: 747.6307373046875
2024-09-30 09:00:37,219 - root - INFO - Epoch 2; loss: 454.9713134765625; val_loss: 601.3226318359375
2024-09-30 09:02:49,697 - root - INFO - Epoch 3; loss: 329.42669677734375; val_loss: 454.9121398925781
2024-09-30 09:04:57,931 - root - INFO - Epoch 4; loss: 231.0999755859375; val_loss: 310.777099609375
2024-09-30 09:07:03,948 - root - INFO - Epoch 5; loss: 158.9430389404297; val_loss: 183.07493591308594
2024-09-30 09:09:12,295 - root - INFO - Epoch 6; loss: 114.05380249023438; val_loss: 108.19625854492188
2024-09-30 09:11:25,085 - root - INFO - Epoch 7; loss: 87.12353515625; val_loss: 76.07020568847656
2024-09-30 09:13:50,687 - root - INFO - Epoch 8; loss: 71.57858276367188; val_loss: 61.424072265625
2024-09-30 09:16:33,631 - root - INFO - Epoch 9; loss: 61.96398162841797; val_loss: 54.34860610961914
2024-09-30 09:19:01,526 - root - INFO - Epoch 10; loss: 56.089134216308594; val_loss: 50.50183868408203
2024-09-30 09:21:26,111 - root - INFO - Epoch 11; loss: 51.98176574707031; val_loss: 48.23451232910156
2024-09-30 09:23:34,370 - root - INFO - Epoch 12; loss: 49.03094482421875; val_loss: 46.669677734375
2024-09-30 09:25:44,764 - root - INFO - Epoch 13; loss: 46.71472930908203; val_loss: 45.3950080871582
2024-09-30 09:28:15,857 - root - INFO - Epoch 14; loss: 44.649105072021484; val_loss: 44.190025329589844
2024-09-30 09:32:12,084 - root - INFO - Epoch 15; loss: 42.83657455444336; val_loss: 42.94575119018555
2024-09-30 09:36:05,797 - root - INFO - Epoch 16; loss: 41.173187255859375; val_loss: 41.74860763549805
2024-09-30 09:39:41,792 - root - INFO - Epoch 17; loss: 39.65160369873047; val_loss: 40.64906311035156
2024-09-30 09:41:43,819 - root - INFO - Epoch 18; loss: 38.28300476074219; val_loss: 39.615516662597656
2024-09-30 09:43:50,756 - root - INFO - Epoch 19; loss: 36.99546432495117; val_loss: 38.63829803466797
2024-09-30 09:46:02,311 - root - INFO - Epoch 20; loss: 35.792789459228516; val_loss: 37.713829040527344
2024-09-30 09:48:10,432 - root - INFO - Epoch 21; loss: 34.67694854736328; val_loss: 36.79058837890625
2024-09-30 09:50:23,626 - root - INFO - Epoch 22; loss: 33.54008483886719; val_loss: 35.87802505493164
2024-09-30 09:52:40,935 - root - INFO - Epoch 23; loss: 32.45417022705078; val_loss: 34.9522705078125
2024-09-30 09:55:03,173 - root - INFO - Epoch 24; loss: 31.4238338470459; val_loss: 33.99156188964844
2024-09-30 09:57:08,927 - root - INFO - Epoch 25; loss: 30.453495025634766; val_loss: 33.083621978759766
2024-09-30 09:59:09,959 - root - INFO - Epoch 26; loss: 29.48101043701172; val_loss: 32.221580505371094
2024-09-30 10:01:17,252 - root - INFO - Epoch 27; loss: 28.603870391845703; val_loss: 31.373674392700195
2024-09-30 10:03:21,472 - root - INFO - Epoch 28; loss: 27.74009132385254; val_loss: 30.555055618286133
2024-09-30 10:05:25,052 - root - INFO - Epoch 29; loss: 26.865989685058594; val_loss: 29.741575241088867
2024-09-30 10:07:32,387 - root - INFO - Epoch 30; loss: 26.038066864013672; val_loss: 28.902183532714844
2024-09-30 10:09:40,387 - root - INFO - Epoch 31; loss: 25.19283103942871; val_loss: 28.033021926879883
2024-09-30 10:11:45,506 - root - INFO - Epoch 32; loss: 24.435699462890625; val_loss: 27.1999454498291
2024-09-30 10:13:49,395 - root - INFO - Epoch 33; loss: 23.738876342773438; val_loss: 26.42812728881836
2024-09-30 10:15:53,374 - root - INFO - Epoch 34; loss: 23.031898498535156; val_loss: 25.690011978149414
2024-09-30 10:17:57,184 - root - INFO - Epoch 35; loss: 22.40770721435547; val_loss: 25.002519607543945
2024-09-30 10:20:01,144 - root - INFO - Epoch 36; loss: 21.798017501831055; val_loss: 24.29779052734375
2024-09-30 10:22:05,031 - root - INFO - Epoch 37; loss: 21.204919815063477; val_loss: 23.609180450439453
2024-09-30 10:24:08,457 - root - INFO - Epoch 38; loss: 20.662376403808594; val_loss: 22.947107315063477
2024-09-30 10:26:12,440 - root - INFO - Epoch 39; loss: 20.113754272460938; val_loss: 22.34760093688965
2024-09-30 10:28:16,608 - root - INFO - Epoch 40; loss: 19.58393669128418; val_loss: 21.7158260345459
2024-09-30 10:30:20,658 - root - INFO - Epoch 41; loss: 19.102231979370117; val_loss: 21.135799407958984
2024-09-30 10:32:24,901 - root - INFO - Epoch 42; loss: 18.596887588500977; val_loss: 20.601938247680664
2024-09-30 10:34:28,949 - root - INFO - Epoch 43; loss: 18.121665954589844; val_loss: 20.095108032226562
2024-09-30 10:36:32,665 - root - INFO - Epoch 44; loss: 17.6704158782959; val_loss: 19.597118377685547
2024-09-30 10:38:36,802 - root - INFO - Epoch 45; loss: 17.260622024536133; val_loss: 19.119230270385742
2024-09-30 10:40:41,739 - root - INFO - Epoch 46; loss: 16.817813873291016; val_loss: 18.68804168701172
2024-09-30 10:42:46,787 - root - INFO - Epoch 47; loss: 16.45499038696289; val_loss: 18.301006317138672
2024-09-30 10:44:52,617 - root - INFO - Epoch 48; loss: 16.05270004272461; val_loss: 17.882217407226562
2024-09-30 10:46:57,763 - root - INFO - Epoch 49; loss: 15.71405029296875; val_loss: 17.501728057861328
2024-09-30 10:49:02,838 - root - INFO - Epoch 50; loss: 15.369696617126465; val_loss: 17.12822723388672
2024-09-30 10:51:08,964 - root - INFO - Epoch 51; loss: 15.038477897644043; val_loss: 16.817113876342773
2024-09-30 10:53:15,034 - root - INFO - Epoch 52; loss: 14.7321138381958; val_loss: 16.46846580505371
2024-09-30 10:55:21,619 - root - INFO - Epoch 53; loss: 14.412836074829102; val_loss: 16.096540451049805
2024-09-30 10:57:28,199 - root - INFO - Epoch 54; loss: 14.107748031616211; val_loss: 15.827534675598145
2024-09-30 10:59:36,191 - root - INFO - Epoch 55; loss: 13.795430183410645; val_loss: 15.532023429870605
2024-09-30 11:01:41,561 - root - INFO - Epoch 56; loss: 13.524612426757812; val_loss: 15.21924114227295
2024-09-30 11:03:48,326 - root - INFO - Epoch 57; loss: 13.23780632019043; val_loss: 14.950128555297852
2024-09-30 11:05:54,956 - root - INFO - Epoch 58; loss: 12.960596084594727; val_loss: 14.710885047912598
2024-09-30 11:07:59,971 - root - INFO - Epoch 59; loss: 12.713913917541504; val_loss: 14.449864387512207
2024-09-30 11:10:05,704 - root - INFO - Epoch 60; loss: 12.4529447555542; val_loss: 14.22708797454834
2024-09-30 11:12:10,895 - root - INFO - Epoch 61; loss: 12.213032722473145; val_loss: 14.016949653625488
2024-09-30 11:14:16,333 - root - INFO - Epoch 62; loss: 12.002116203308105; val_loss: 13.792783737182617
2024-09-30 11:16:21,869 - root - INFO - Epoch 63; loss: 11.788337707519531; val_loss: 13.597355842590332
2024-09-30 11:18:27,074 - root - INFO - Epoch 64; loss: 11.570160865783691; val_loss: 13.387507438659668
2024-09-30 11:20:32,497 - root - INFO - Epoch 65; loss: 11.359395980834961; val_loss: 13.24034595489502
2024-09-30 11:22:37,433 - root - INFO - Epoch 66; loss: 11.175415992736816; val_loss: 13.062840461730957
2024-09-30 11:24:44,226 - root - INFO - Epoch 67; loss: 10.984148025512695; val_loss: 12.908502578735352
2024-09-30 11:26:51,141 - root - INFO - Epoch 68; loss: 10.812421798706055; val_loss: 12.75610637664795
2024-09-30 11:29:01,730 - root - INFO - Epoch 69; loss: 10.64212417602539; val_loss: 12.60372543334961
2024-09-30 11:31:10,966 - root - INFO - Epoch 70; loss: 10.476951599121094; val_loss: 12.476801872253418
2024-09-30 11:33:20,416 - root - INFO - Epoch 71; loss: 10.332304000854492; val_loss: 12.343729972839355
2024-09-30 11:35:28,196 - root - INFO - Epoch 72; loss: 10.178788185119629; val_loss: 12.242297172546387
2024-09-30 11:37:33,119 - root - INFO - Epoch 73; loss: 10.038932800292969; val_loss: 12.117409706115723
2024-09-30 11:39:38,085 - root - INFO - Epoch 74; loss: 9.902183532714844; val_loss: 12.006070137023926
2024-09-30 11:41:47,699 - root - INFO - Epoch 75; loss: 9.776031494140625; val_loss: 11.885516166687012
2024-09-30 11:43:59,335 - root - INFO - Epoch 76; loss: 9.656702995300293; val_loss: 11.798583030700684
2024-09-30 11:46:12,828 - root - INFO - Epoch 77; loss: 9.534700393676758; val_loss: 11.704991340637207
2024-09-30 11:48:21,291 - root - INFO - Epoch 78; loss: 9.429253578186035; val_loss: 11.583503723144531
2024-09-30 11:50:27,991 - root - INFO - Epoch 79; loss: 9.308676719665527; val_loss: 11.500617027282715
2024-09-30 11:52:34,087 - root - INFO - Epoch 80; loss: 9.20793628692627; val_loss: 11.409740447998047
2024-09-30 11:54:40,082 - root - INFO - Epoch 81; loss: 9.114851951599121; val_loss: 11.339653015136719
2024-09-30 11:56:45,957 - root - INFO - Epoch 82; loss: 9.005560874938965; val_loss: 11.242938995361328
2024-09-30 11:58:59,782 - root - INFO - Epoch 83; loss: 8.907400131225586; val_loss: 11.169017791748047
2024-09-30 12:01:07,174 - root - INFO - Epoch 84; loss: 8.832751274108887; val_loss: 11.076094627380371
2024-09-30 12:03:12,792 - root - INFO - Epoch 85; loss: 8.736013412475586; val_loss: 11.00367546081543
2024-09-30 12:05:18,386 - root - INFO - Epoch 86; loss: 8.66268539428711; val_loss: 10.93064022064209
2024-09-30 12:07:23,646 - root - INFO - Epoch 87; loss: 8.577662467956543; val_loss: 10.861003875732422
2024-09-30 12:09:28,653 - root - INFO - Epoch 88; loss: 8.494067192077637; val_loss: 10.798502922058105
2024-09-30 12:11:33,549 - root - INFO - Epoch 89; loss: 8.41445255279541; val_loss: 10.728964805603027
2024-09-30 12:13:38,816 - root - INFO - Epoch 90; loss: 8.339075088500977; val_loss: 10.676191329956055
2024-09-30 12:15:52,832 - root - INFO - Epoch 91; loss: 8.264408111572266; val_loss: 10.583524703979492
2024-09-30 12:17:58,914 - root - INFO - Epoch 92; loss: 8.193681716918945; val_loss: 10.506302833557129
2024-09-30 12:20:04,859 - root - INFO - Epoch 93; loss: 8.127822875976562; val_loss: 10.437905311584473
2024-09-30 12:22:10,046 - root - INFO - Epoch 94; loss: 8.050155639648438; val_loss: 10.375839233398438
2024-09-30 12:24:14,743 - root - INFO - Epoch 95; loss: 7.987115859985352; val_loss: 10.31676197052002
2024-09-30 12:26:19,091 - root - INFO - Epoch 96; loss: 7.922144412994385; val_loss: 10.25736141204834
2024-09-30 12:28:21,838 - root - INFO - Epoch 97; loss: 7.855013370513916; val_loss: 10.194808959960938
2024-09-30 12:30:23,738 - root - INFO - Epoch 98; loss: 7.798087120056152; val_loss: 10.148194313049316
2024-09-30 12:32:25,532 - root - INFO - Epoch 99; loss: 7.735183238983154; val_loss: 10.091602325439453
2024-09-30 12:43:25,352 - absl - WARNING - You are saving your model as an HDF5 file via `model.save()` or `keras.saving.save_model(model)`. This file format is considered legacy. We recommend using instead the native Keras format, e.g. `model.save('my_model.keras')` or `keras.saving.save_model(model, 'my_model.keras')`. 
2024-09-30 12:43:48,436 - tensorflow - WARNING - From c:\Users\1288843.TRANSIT.000\AppData\Local\anaconda3\Lib\site-packages\keras\src\backend\tensorflow\core.py:204: The name tf.placeholder is deprecated. Please use tf.compat.v1.placeholder instead.

2024-09-30 12:52:27,436 - absl - WARNING - Compiled the loaded model, but the compiled metrics have yet to be built. `model.compile_metrics` will be empty until you train or evaluate the model.
